# JRE version: OpenJDK Runtime Environment (8.0_152-b01) (build 1.8.0_152-release-915-b01)
# Java VM: OpenJDK 64-Bit Server VM (25.152-b01 mixed mode windows-amd64 compressed oops)
Heap:
 PSYoungGen      total 140288K, used 120754K [0x00000000e0000000, 0x00000000eae80000, 0x0000000100000000)
  eden space 129024K, 93% used [0x00000000e0000000,0x00000000e75ecb70,0x00000000e7e00000)
  from space 11264K, 0% used [0x00000000e8980000,0x00000000e8980000,0x00000000e9480000)
  to   space 11776K, 0% used [0x00000000e7e00000,0x00000000e7e00000,0x00000000e8980000)
 ParOldGen       total 119296K, used 15830K [0x00000000a0000000, 0x00000000a7480000, 0x00000000e0000000)
  object space 119296K, 13% used [0x00000000a0000000,0x00000000a0f75a50,0x00000000a7480000)
 Metaspace       used 42361K, capacity 43514K, committed 43992K, reserved 1087488K
  class space    used 5669K, capacity 6064K, committed 6144K, reserved 1048576K
GC Heap History (10 events):
Event: 10.167 GC heap before
{Heap before GC invocations=4 (full 1):
 PSYoungGen      total 57344K, used 8167K [0x00000000e0000000, 0x00000000e7000000, 0x0000000100000000)
  eden space 49152K, 0% used [0x00000000e0000000,0x00000000e0000000,0x00000000e3000000)
  from space 8192K, 99% used [0x00000000e3000000,0x00000000e37f9d88,0x00000000e3800000)
  to   space 8192K, 0% used [0x00000000e6800000,0x00000000e6800000,0x00000000e7000000)
 ParOldGen       total 131072K, used 2153K [0x00000000a0000000, 0x00000000a8000000, 0x00000000e0000000)
  object space 131072K, 1% used [0x00000000a0000000,0x00000000a021a688,0x00000000a8000000)
 Metaspace       used 20621K, capacity 21110K, committed 21248K, reserved 1067008K
  class space    used 2842K, capacity 3010K, committed 3072K, reserved 1048576K
Event: 10.221 GC heap after
Heap after GC invocations=4 (full 1):
 PSYoungGen      total 57344K, used 0K [0x00000000e0000000, 0x00000000e7000000, 0x0000000100000000)
  eden space 49152K, 0% used [0x00000000e0000000,0x00000000e0000000,0x00000000e3000000)
  from space 8192K, 0% used [0x00000000e3000000,0x00000000e3000000,0x00000000e3800000)
  to   space 8192K, 0% used [0x00000000e6800000,0x00000000e6800000,0x00000000e7000000)
 ParOldGen       total 76800K, used 9238K [0x00000000a0000000, 0x00000000a4b00000, 0x00000000e0000000)
  object space 76800K, 12% used [0x00000000a0000000,0x00000000a0905b98,0x00000000a4b00000)
 Metaspace       used 20621K, capacity 21110K, committed 21248K, reserved 1067008K
  class space    used 2842K, capacity 3010K, committed 3072K, reserved 1048576K
}
Event: 12.487 GC heap before
{Heap before GC invocations=5 (full 1):
 PSYoungGen      total 57344K, used 49152K [0x00000000e0000000, 0x00000000e7000000, 0x0000000100000000)
  eden space 49152K, 100% used [0x00000000e0000000,0x00000000e3000000,0x00000000e3000000)
  from space 8192K, 0% used [0x00000000e3000000,0x00000000e3000000,0x00000000e3800000)
  to   space 8192K, 0% used [0x00000000e6800000,0x00000000e6800000,0x00000000e7000000)
 ParOldGen       total 76800K, used 9238K [0x00000000a0000000, 0x00000000a4b00000, 0x00000000e0000000)
  object space 76800K, 12% used [0x00000000a0000000,0x00000000a0905b98,0x00000000a4b00000)
 Metaspace       used 24584K, capacity 25096K, committed 25344K, reserved 1071104K
  class space    used 3380K, capacity 3541K, committed 3584K, reserved 1048576K
Event: 12.497 GC heap after
Heap after GC invocations=5 (full 1):
 PSYoungGen      total 86528K, used 5967K [0x00000000e0000000, 0x00000000e6e00000, 0x0000000100000000)
  eden space 80384K, 0% used [0x00000000e0000000,0x00000000e0000000,0x00000000e4e80000)
  from space 6144K, 97% used [0x00000000e6800000,0x00000000e6dd3e48,0x00000000e6e00000)
  to   space 8192K, 0% used [0x00000000e5e00000,0x00000000e5e00000,0x00000000e6600000)
 ParOldGen       total 76800K, used 9246K [0x00000000a0000000, 0x00000000a4b00000, 0x00000000e0000000)
  object space 76800K, 12% used [0x00000000a0000000,0x00000000a0907b98,0x00000000a4b00000)
 Metaspace       used 24584K, capacity 25096K, committed 25344K, reserved 1071104K
  class space    used 3380K, capacity 3541K, committed 3584K, reserved 1048576K
}
Event: 15.777 GC heap before
{Heap before GC invocations=6 (full 1):
 PSYoungGen      total 86528K, used 86351K [0x00000000e0000000, 0x00000000e6e00000, 0x0000000100000000)
  eden space 80384K, 100% used [0x00000000e0000000,0x00000000e4e80000,0x00000000e4e80000)
  from space 6144K, 97% used [0x00000000e6800000,0x00000000e6dd3e48,0x00000000e6e00000)
  to   space 8192K, 0% used [0x00000000e5e00000,0x00000000e5e00000,0x00000000e6600000)
 ParOldGen       total 76800K, used 9246K [0x00000000a0000000, 0x00000000a4b00000, 0x00000000e0000000)
  object space 76800K, 12% used [0x00000000a0000000,0x00000000a0907b98,0x00000000a4b00000)
 Metaspace       used 30183K, capacity 30936K, committed 31360K, reserved 1077248K
  class space    used 4113K, capacity 4355K, committed 4480K, reserved 1048576K
Event: 15.795 GC heap after
Heap after GC invocations=6 (full 1):
 PSYoungGen      total 104448K, used 8172K [0x00000000e0000000, 0x00000000e9480000, 0x0000000100000000)
  eden space 96256K, 0% used [0x00000000e0000000,0x00000000e0000000,0x00000000e5e00000)
  from space 8192K, 99% used [0x00000000e5e00000,0x00000000e65fb058,0x00000000e6600000)
  to   space 11264K, 0% used [0x00000000e8980000,0x00000000e8980000,0x00000000e9480000)
 ParOldGen       total 76800K, used 9743K [0x00000000a0000000, 0x00000000a4b00000, 0x00000000e0000000)
  object space 76800K, 12% used [0x00000000a0000000,0x00000000a0983ec0,0x00000000a4b00000)
 Metaspace       used 30183K, capacity 30936K, committed 31360K, reserved 1077248K
  class space    used 4113K, capacity 4355K, committed 4480K, reserved 1048576K
}
Event: 18.226 GC heap before
{Heap before GC invocations=7 (full 1):
 PSYoungGen      total 104448K, used 66841K [0x00000000e0000000, 0x00000000e9480000, 0x0000000100000000)
  eden space 96256K, 60% used [0x00000000e0000000,0x00000000e394b430,0x00000000e5e00000)
  from space 8192K, 99% used [0x00000000e5e00000,0x00000000e65fb058,0x00000000e6600000)
  to   space 11264K, 0% used [0x00000000e8980000,0x00000000e8980000,0x00000000e9480000)
 ParOldGen       total 76800K, used 9743K [0x00000000a0000000, 0x00000000a4b00000, 0x00000000e0000000)
  object space 76800K, 12% used [0x00000000a0000000,0x00000000a0983ec0,0x00000000a4b00000)
 Metaspace       used 34403K, capacity 35300K, committed 35416K, reserved 1079296K
  class space    used 4672K, capacity 4988K, committed 4992K, reserved 1048576K
Event: 18.247 GC heap after
Heap after GC invocations=7 (full 1):
 PSYoungGen      total 140288K, used 9834K [0x00000000e0000000, 0x00000000eae80000, 0x0000000100000000)
  eden space 129024K, 0% used [0x00000000e0000000,0x00000000e0000000,0x00000000e7e00000)
  from space 11264K, 87% used [0x00000000e8980000,0x00000000e931a810,0x00000000e9480000)
  to   space 11776K, 0% used [0x00000000e7e00000,0x00000000e7e00000,0x00000000e8980000)
 ParOldGen       total 76800K, used 9815K [0x00000000a0000000, 0x00000000a4b00000, 0x00000000e0000000)
  object space 76800K, 12% used [0x00000000a0000000,0x00000000a0995ed0,0x00000000a4b00000)
 Metaspace       used 34403K, capacity 35300K, committed 35416K, reserved 1079296K
  class space    used 4672K, capacity 4988K, committed 4992K, reserved 1048576K
}
Event: 18.247 GC heap before
{Heap before GC invocations=8 (full 2):
 PSYoungGen      total 140288K, used 9834K [0x00000000e0000000, 0x00000000eae80000, 0x0000000100000000)
  eden space 129024K, 0% used [0x00000000e0000000,0x00000000e0000000,0x00000000e7e00000)
  from space 11264K, 87% used [0x00000000e8980000,0x00000000e931a810,0x00000000e9480000)
  to   space 11776K, 0% used [0x00000000e7e00000,0x00000000e7e00000,0x00000000e8980000)
 ParOldGen       total 76800K, used 9815K [0x00000000a0000000, 0x00000000a4b00000, 0x00000000e0000000)
  object space 76800K, 12% used [0x00000000a0000000,0x00000000a0995ed0,0x00000000a4b00000)
 Metaspace       used 34403K, capacity 35300K, committed 35416K, reserved 1079296K
  class space    used 4672K, capacity 4988K, committed 4992K, reserved 1048576K
Event: 18.368 GC heap after
Heap after GC invocations=8 (full 2):
 PSYoungGen      total 140288K, used 0K [0x00000000e0000000, 0x00000000eae80000, 0x0000000100000000)
  eden space 129024K, 0% used [0x00000000e0000000,0x00000000e0000000,0x00000000e7e00000)
  from space 11264K, 0% used [0x00000000e8980000,0x00000000e8980000,0x00000000e9480000)
  to   space 11776K, 0% used [0x00000000e7e00000,0x00000000e7e00000,0x00000000e8980000)
 ParOldGen       total 119296K, used 15830K [0x00000000a0000000, 0x00000000a7480000, 0x00000000e0000000)
  object space 119296K, 13% used [0x00000000a0000000,0x00000000a0f75a50,0x00000000a7480000)
 Metaspace       used 34403K, capacity 35300K, committed 35416K, reserved 1079296K
  class space    used 4672K, capacity 4988K, committed 4992K, reserved 1048576K
}

