# JRE version: OpenJDK Runtime Environment (8.0_152-b01) (build 1.8.0_152-release-915-b01)
# Java VM: OpenJDK 64-Bit Server VM (25.152-b01 mixed mode windows-amd64 compressed oops)
Heap:
 PSYoungGen      total 57344K, used 32907K [0x00000000e0000000, 0x00000000e5500000, 0x0000000100000000)
  eden space 49152K, 52% used [0x00000000e0000000,0x00000000e18f8090,0x00000000e3000000)
  from space 8192K, 89% used [0x00000000e3000000,0x00000000e372ad00,0x00000000e3800000)
  to   space 10752K, 0% used [0x00000000e4a80000,0x00000000e4a80000,0x00000000e5500000)
 ParOldGen       total 97280K, used 9247K [0x00000000a0000000, 0x00000000a5f00000, 0x00000000e0000000)
  object space 97280K, 9% used [0x00000000a0000000,0x00000000a0907ee8,0x00000000a5f00000)
 Metaspace       used 30177K, capacity 30936K, committed 31360K, reserved 1077248K
  class space    used 4121K, capacity 4355K, committed 4480K, reserved 1048576K
GC Heap History (10 events):
Event: 3.824 GC heap before
{Heap before GC invocations=2 (full 0):
 PSYoungGen      total 57344K, used 54991K [0x00000000e0000000, 0x00000000e4000000, 0x0000000100000000)
  eden space 49152K, 100% used [0x00000000e0000000,0x00000000e3000000,0x00000000e3000000)
  from space 8192K, 71% used [0x00000000e3000000,0x00000000e35b3d08,0x00000000e3800000)
  to   space 8192K, 0% used [0x00000000e3800000,0x00000000e3800000,0x00000000e4000000)
 ParOldGen       total 131072K, used 8K [0x00000000a0000000, 0x00000000a8000000, 0x00000000e0000000)
  object space 131072K, 0% used [0x00000000a0000000,0x00000000a0002000,0x00000000a8000000)
 Metaspace       used 15085K, capacity 15484K, committed 15616K, reserved 1062912K
  class space    used 2127K, capacity 2254K, committed 2304K, reserved 1048576K
Event: 3.844 GC heap after
Heap after GC invocations=2 (full 0):
 PSYoungGen      total 57344K, used 8172K [0x00000000e0000000, 0x00000000e4000000, 0x0000000100000000)
  eden space 49152K, 0% used [0x00000000e0000000,0x00000000e0000000,0x00000000e3000000)
  from space 8192K, 99% used [0x00000000e3800000,0x00000000e3ffb338,0x00000000e4000000)
  to   space 8192K, 0% used [0x00000000e3000000,0x00000000e3000000,0x00000000e3800000)
 ParOldGen       total 131072K, used 879K [0x00000000a0000000, 0x00000000a8000000, 0x00000000e0000000)
  object space 131072K, 0% used [0x00000000a0000000,0x00000000a00dbc60,0x00000000a8000000)
 Metaspace       used 15085K, capacity 15484K, committed 15616K, reserved 1062912K
  class space    used 2127K, capacity 2254K, committed 2304K, reserved 1048576K
}
Event: 5.592 GC heap before
{Heap before GC invocations=3 (full 0):
 PSYoungGen      total 57344K, used 39672K [0x00000000e0000000, 0x00000000e4000000, 0x0000000100000000)
  eden space 49152K, 64% used [0x00000000e0000000,0x00000000e1ec2f90,0x00000000e3000000)
  from space 8192K, 99% used [0x00000000e3800000,0x00000000e3ffb338,0x00000000e4000000)
  to   space 8192K, 0% used [0x00000000e3000000,0x00000000e3000000,0x00000000e3800000)
 ParOldGen       total 131072K, used 879K [0x00000000a0000000, 0x00000000a8000000, 0x00000000e0000000)
  object space 131072K, 0% used [0x00000000a0000000,0x00000000a00dbc60,0x00000000a8000000)
 Metaspace       used 20611K, capacity 21110K, committed 21248K, reserved 1067008K
  class space    used 2844K, capacity 3010K, committed 3072K, reserved 1048576K
Event: 5.613 GC heap after
Heap after GC invocations=3 (full 0):
 PSYoungGen      total 57344K, used 8185K [0x00000000e0000000, 0x00000000e4000000, 0x0000000100000000)
  eden space 49152K, 0% used [0x00000000e0000000,0x00000000e0000000,0x00000000e3000000)
  from space 8192K, 99% used [0x00000000e3000000,0x00000000e37fe530,0x00000000e3800000)
  to   space 8192K, 0% used [0x00000000e3800000,0x00000000e3800000,0x00000000e4000000)
 ParOldGen       total 131072K, used 2189K [0x00000000a0000000, 0x00000000a8000000, 0x00000000e0000000)
  object space 131072K, 1% used [0x00000000a0000000,0x00000000a02235f0,0x00000000a8000000)
 Metaspace       used 20611K, capacity 21110K, committed 21248K, reserved 1067008K
  class space    used 2844K, capacity 3010K, committed 3072K, reserved 1048576K
}
Event: 5.613 GC heap before
{Heap before GC invocations=4 (full 1):
 PSYoungGen      total 57344K, used 8185K [0x00000000e0000000, 0x00000000e4000000, 0x0000000100000000)
  eden space 49152K, 0% used [0x00000000e0000000,0x00000000e0000000,0x00000000e3000000)
  from space 8192K, 99% used [0x00000000e3000000,0x00000000e37fe530,0x00000000e3800000)
  to   space 8192K, 0% used [0x00000000e3800000,0x00000000e3800000,0x00000000e4000000)
 ParOldGen       total 131072K, used 2189K [0x00000000a0000000, 0x00000000a8000000, 0x00000000e0000000)
  object space 131072K, 1% used [0x00000000a0000000,0x00000000a02235f0,0x00000000a8000000)
 Metaspace       used 20611K, capacity 21110K, committed 21248K, reserved 1067008K
  class space    used 2844K, capacity 3010K, committed 3072K, reserved 1048576K
Event: 5.768 GC heap after
Heap after GC invocations=4 (full 1):
 PSYoungGen      total 57344K, used 0K [0x00000000e0000000, 0x00000000e4000000, 0x0000000100000000)
  eden space 49152K, 0% used [0x00000000e0000000,0x00000000e0000000,0x00000000e3000000)
  from space 8192K, 0% used [0x00000000e3000000,0x00000000e3000000,0x00000000e3800000)
  to   space 8192K, 0% used [0x00000000e3800000,0x00000000e3800000,0x00000000e4000000)
 ParOldGen       total 97280K, used 9239K [0x00000000a0000000, 0x00000000a5f00000, 0x00000000e0000000)
  object space 97280K, 9% used [0x00000000a0000000,0x00000000a0905ee8,0x00000000a5f00000)
 Metaspace       used 20611K, capacity 21110K, committed 21248K, reserved 1067008K
  class space    used 2844K, capacity 3010K, committed 3072K, reserved 1048576K
}
Event: 8.131 GC heap before
{Heap before GC invocations=5 (full 1):
 PSYoungGen      total 57344K, used 49152K [0x00000000e0000000, 0x00000000e4000000, 0x0000000100000000)
  eden space 49152K, 100% used [0x00000000e0000000,0x00000000e3000000,0x00000000e3000000)
  from space 8192K, 0% used [0x00000000e3000000,0x00000000e3000000,0x00000000e3800000)
  to   space 8192K, 0% used [0x00000000e3800000,0x00000000e3800000,0x00000000e4000000)
 ParOldGen       total 97280K, used 9239K [0x00000000a0000000, 0x00000000a5f00000, 0x00000000e0000000)
  object space 97280K, 9% used [0x00000000a0000000,0x00000000a0905ee8,0x00000000a5f00000)
 Metaspace       used 24548K, capacity 25096K, committed 25344K, reserved 1071104K
  class space    used 3377K, capacity 3541K, committed 3584K, reserved 1048576K
Event: 8.217 GC heap after
Heap after GC invocations=5 (full 1):
 PSYoungGen      total 57344K, used 5910K [0x00000000e0000000, 0x00000000e5180000, 0x0000000100000000)
  eden space 49152K, 0% used [0x00000000e0000000,0x00000000e0000000,0x00000000e3000000)
  from space 8192K, 72% used [0x00000000e3800000,0x00000000e3dc5810,0x00000000e4000000)
  to   space 8192K, 0% used [0x00000000e3000000,0x00000000e3000000,0x00000000e3800000)
 ParOldGen       total 97280K, used 9239K [0x00000000a0000000, 0x00000000a5f00000, 0x00000000e0000000)
  object space 97280K, 9% used [0x00000000a0000000,0x00000000a0905ee8,0x00000000a5f00000)
 Metaspace       used 24548K, capacity 25096K, committed 25344K, reserved 1071104K
  class space    used 3377K, capacity 3541K, committed 3584K, reserved 1048576K
}
Event: 12.166 GC heap before
{Heap before GC invocations=6 (full 1):
 PSYoungGen      total 57344K, used 55062K [0x00000000e0000000, 0x00000000e5180000, 0x0000000100000000)
  eden space 49152K, 100% used [0x00000000e0000000,0x00000000e3000000,0x00000000e3000000)
  from space 8192K, 72% used [0x00000000e3800000,0x00000000e3dc5810,0x00000000e4000000)
  to   space 8192K, 0% used [0x00000000e3000000,0x00000000e3000000,0x00000000e3800000)
 ParOldGen       total 97280K, used 9239K [0x00000000a0000000, 0x00000000a5f00000, 0x00000000e0000000)
  object space 97280K, 9% used [0x00000000a0000000,0x00000000a0905ee8,0x00000000a5f00000)
 Metaspace       used 27929K, capacity 28632K, committed 29056K, reserved 1075200K
  class space    used 3888K, capacity 4099K, committed 4224K, reserved 1048576K
Event: 12.199 GC heap after
Heap after GC invocations=6 (full 1):
 PSYoungGen      total 57344K, used 7339K [0x00000000e0000000, 0x00000000e5500000, 0x0000000100000000)
  eden space 49152K, 0% used [0x00000000e0000000,0x00000000e0000000,0x00000000e3000000)
  from space 8192K, 89% used [0x00000000e3000000,0x00000000e372ad00,0x00000000e3800000)
  to   space 10752K, 0% used [0x00000000e4a80000,0x00000000e4a80000,0x00000000e5500000)
 ParOldGen       total 97280K, used 9247K [0x00000000a0000000, 0x00000000a5f00000, 0x00000000e0000000)
  object space 97280K, 9% used [0x00000000a0000000,0x00000000a0907ee8,0x00000000a5f00000)
 Metaspace       used 27929K, capacity 28632K, committed 29056K, reserved 1075200K
  class space    used 3888K, capacity 4099K, committed 4224K, reserved 1048576K
}

