# JRE version: OpenJDK Runtime Environment (8.0_152-b01) (build 1.8.0_152-release-915-b01)
# Java VM: OpenJDK 64-Bit Server VM (25.152-b01 mixed mode windows-amd64 compressed oops)
Heap:
 PSYoungGen      total 430592K, used 132209K [0x00000000e0000000, 0x00000000fcb00000, 0x0000000100000000)
  eden space 404480K, 26% used [0x00000000e0000000,0x00000000e69d78e8,0x00000000f8b00000)
  from space 26112K, 91% used [0x00000000fb180000,0x00000000fc8c4c90,0x00000000fcb00000)
  to   space 17920K, 0% used [0x00000000fa000000,0x00000000fa000000,0x00000000fb180000)
 ParOldGen       total 270336K, used 66529K [0x00000000a0000000, 0x00000000b0800000, 0x00000000e0000000)
  object space 270336K, 24% used [0x00000000a0000000,0x00000000a40f87c0,0x00000000b0800000)
 Metaspace       used 100819K, capacity 105550K, committed 107596K, reserved 1144832K
  class space    used 12499K, capacity 13525K, committed 13900K, reserved 1048576K
GC Heap History (10 events):
Event: 4897.175 GC heap before
{Heap before GC invocations=22 (full 3):
 PSYoungGen      total 480256K, used 465069K [0x00000000e0000000, 0x00000000ff980000, 0x0000000100000000)
  eden space 454144K, 100% used [0x00000000e0000000,0x00000000fbb80000,0x00000000fbb80000)
  from space 26112K, 41% used [0x00000000fe000000,0x00000000feaab7a0,0x00000000ff980000)
  to   space 31744K, 0% used [0x00000000fbb80000,0x00000000fbb80000,0x00000000fda80000)
 ParOldGen       total 187392K, used 82947K [0x00000000a0000000, 0x00000000ab700000, 0x00000000e0000000)
  object space 187392K, 44% used [0x00000000a0000000,0x00000000a5100cc8,0x00000000ab700000)
 Metaspace       used 83805K, capacity 88756K, committed 88832K, reserved 1126400K
  class space    used 10609K, capacity 11775K, committed 11776K, reserved 1048576K
Event: 4897.236 GC heap after
Heap after GC invocations=22 (full 3):
 PSYoungGen      total 442368K, used 5459K [0x00000000e0000000, 0x00000000fe780000, 0x0000000100000000)
  eden space 436736K, 0% used [0x00000000e0000000,0x00000000e0000000,0x00000000faa80000)
  from space 5632K, 96% used [0x00000000fbb80000,0x00000000fc0d4e10,0x00000000fc100000)
  to   space 31232K, 0% used [0x00000000fc900000,0x00000000fc900000,0x00000000fe780000)
 ParOldGen       total 187392K, used 83211K [0x00000000a0000000, 0x00000000ab700000, 0x00000000e0000000)
  object space 187392K, 44% used [0x00000000a0000000,0x00000000a5142ce0,0x00000000ab700000)
 Metaspace       used 83805K, capacity 88756K, committed 88832K, reserved 1126400K
  class space    used 10609K, capacity 11775K, committed 11776K, reserved 1048576K
}
Event: 6250.019 GC heap before
{Heap before GC invocations=23 (full 3):
 PSYoungGen      total 442368K, used 441736K [0x00000000e0000000, 0x00000000fe780000, 0x0000000100000000)
  eden space 436736K, 99% used [0x00000000e0000000,0x00000000faa0d420,0x00000000faa80000)
  from space 5632K, 96% used [0x00000000fbb80000,0x00000000fc0d4e10,0x00000000fc100000)
  to   space 31232K, 0% used [0x00000000fc900000,0x00000000fc900000,0x00000000fe780000)
 ParOldGen       total 187392K, used 83211K [0x00000000a0000000, 0x00000000ab700000, 0x00000000e0000000)
  object space 187392K, 44% used [0x00000000a0000000,0x00000000a5142ce0,0x00000000ab700000)
 Metaspace       used 87327K, capacity 92674K, committed 92928K, reserved 1130496K
  class space    used 10968K, capacity 12178K, committed 12288K, reserved 1048576K
Event: 6250.090 GC heap after
Heap after GC invocations=23 (full 3):
 PSYoungGen      total 444928K, used 24084K [0x00000000e0000000, 0x00000000fe100000, 0x0000000100000000)
  eden space 420352K, 0% used [0x00000000e0000000,0x00000000e0000000,0x00000000f9a80000)
  from space 24576K, 98% used [0x00000000fc900000,0x00000000fe085338,0x00000000fe100000)
  to   space 33280K, 0% used [0x00000000fa000000,0x00000000fa000000,0x00000000fc080000)
 ParOldGen       total 187392K, used 83219K [0x00000000a0000000, 0x00000000ab700000, 0x00000000e0000000)
  object space 187392K, 44% used [0x00000000a0000000,0x00000000a5144ce0,0x00000000ab700000)
 Metaspace       used 87327K, capacity 92674K, committed 92928K, reserved 1130496K
  class space    used 10968K, capacity 12178K, committed 12288K, reserved 1048576K
}
Event: 6254.956 GC heap before
{Heap before GC invocations=24 (full 3):
 PSYoungGen      total 444928K, used 156002K [0x00000000e0000000, 0x00000000fe100000, 0x0000000100000000)
  eden space 420352K, 31% used [0x00000000e0000000,0x00000000e80d34f8,0x00000000f9a80000)
  from space 24576K, 98% used [0x00000000fc900000,0x00000000fe085338,0x00000000fe100000)
  to   space 33280K, 0% used [0x00000000fa000000,0x00000000fa000000,0x00000000fc080000)
 ParOldGen       total 187392K, used 83219K [0x00000000a0000000, 0x00000000ab700000, 0x00000000e0000000)
  object space 187392K, 44% used [0x00000000a0000000,0x00000000a5144ce0,0x00000000ab700000)
 Metaspace       used 92723K, capacity 98278K, committed 98380K, reserved 1134592K
  class space    used 11556K, capacity 12826K, committed 12876K, reserved 1048576K
Event: 6254.992 GC heap after
Heap after GC invocations=24 (full 3):
 PSYoungGen      total 422400K, used 17820K [0x00000000e0000000, 0x00000000fcb00000, 0x0000000100000000)
  eden space 404480K, 0% used [0x00000000e0000000,0x00000000e0000000,0x00000000f8b00000)
  from space 17920K, 99% used [0x00000000fa000000,0x00000000fb167058,0x00000000fb180000)
  to   space 26112K, 0% used [0x00000000fb180000,0x00000000fb180000,0x00000000fcb00000)
 ParOldGen       total 187392K, used 83227K [0x00000000a0000000, 0x00000000ab700000, 0x00000000e0000000)
  object space 187392K, 44% used [0x00000000a0000000,0x00000000a5146ce0,0x00000000ab700000)
 Metaspace       used 92723K, capacity 98278K, committed 98380K, reserved 1134592K
  class space    used 11556K, capacity 12826K, committed 12876K, reserved 1048576K
}
Event: 6254.992 GC heap before
{Heap before GC invocations=25 (full 4):
 PSYoungGen      total 422400K, used 17820K [0x00000000e0000000, 0x00000000fcb00000, 0x0000000100000000)
  eden space 404480K, 0% used [0x00000000e0000000,0x00000000e0000000,0x00000000f8b00000)
  from space 17920K, 99% used [0x00000000fa000000,0x00000000fb167058,0x00000000fb180000)
  to   space 26112K, 0% used [0x00000000fb180000,0x00000000fb180000,0x00000000fcb00000)
 ParOldGen       total 187392K, used 83227K [0x00000000a0000000, 0x00000000ab700000, 0x00000000e0000000)
  object space 187392K, 44% used [0x00000000a0000000,0x00000000a5146ce0,0x00000000ab700000)
 Metaspace       used 92723K, capacity 98278K, committed 98380K, reserved 1134592K
  class space    used 11556K, capacity 12826K, committed 12876K, reserved 1048576K
Event: 6255.969 GC heap after
Heap after GC invocations=25 (full 4):
 PSYoungGen      total 422400K, used 0K [0x00000000e0000000, 0x00000000fcb00000, 0x0000000100000000)
  eden space 404480K, 0% used [0x00000000e0000000,0x00000000e0000000,0x00000000f8b00000)
  from space 17920K, 0% used [0x00000000fa000000,0x00000000fa000000,0x00000000fb180000)
  to   space 26112K, 0% used [0x00000000fb180000,0x00000000fb180000,0x00000000fcb00000)
 ParOldGen       total 270336K, used 66521K [0x00000000a0000000, 0x00000000b0800000, 0x00000000e0000000)
  object space 270336K, 24% used [0x00000000a0000000,0x00000000a40f67c0,0x00000000b0800000)
 Metaspace       used 90872K, capacity 95302K, committed 98380K, reserved 1134592K
  class space    used 11166K, capacity 12147K, committed 12876K, reserved 1048576K
}
Event: 6258.565 GC heap before
{Heap before GC invocations=26 (full 4):
 PSYoungGen      total 422400K, used 388301K [0x00000000e0000000, 0x00000000fcb00000, 0x0000000100000000)
  eden space 404480K, 96% used [0x00000000e0000000,0x00000000f7b33770,0x00000000f8b00000)
  from space 17920K, 0% used [0x00000000fa000000,0x00000000fa000000,0x00000000fb180000)
  to   space 26112K, 0% used [0x00000000fb180000,0x00000000fb180000,0x00000000fcb00000)
 ParOldGen       total 270336K, used 66521K [0x00000000a0000000, 0x00000000b0800000, 0x00000000e0000000)
  object space 270336K, 24% used [0x00000000a0000000,0x00000000a40f67c0,0x00000000b0800000)
 Metaspace       used 100336K, capacity 105004K, committed 107084K, reserved 1142784K
  class space    used 12450K, capacity 13454K, committed 13900K, reserved 1048576K
Event: 6258.596 GC heap after
Heap after GC invocations=26 (full 4):
 PSYoungGen      total 430592K, used 23827K [0x00000000e0000000, 0x00000000fcb00000, 0x0000000100000000)
  eden space 404480K, 0% used [0x00000000e0000000,0x00000000e0000000,0x00000000f8b00000)
  from space 26112K, 91% used [0x00000000fb180000,0x00000000fc8c4c90,0x00000000fcb00000)
  to   space 17920K, 0% used [0x00000000fa000000,0x00000000fa000000,0x00000000fb180000)
 ParOldGen       total 270336K, used 66529K [0x00000000a0000000, 0x00000000b0800000, 0x00000000e0000000)
  object space 270336K, 24% used [0x00000000a0000000,0x00000000a40f87c0,0x00000000b0800000)
 Metaspace       used 100336K, capacity 105004K, committed 107084K, reserved 1142784K
  class space    used 12450K, capacity 13454K, committed 13900K, reserved 1048576K
}

