# JRE version: OpenJDK Runtime Environment (8.0_152-b01) (build 1.8.0_152-release-915-b01)
# Java VM: OpenJDK 64-Bit Server VM (25.152-b01 mixed mode windows-amd64 compressed oops)
Heap:
 PSYoungGen      total 379392K, used 229634K [0x00000000e0000000, 0x00000000fa500000, 0x0000000100000000)
  eden space 338432K, 62% used [0x00000000e0000000,0x00000000ecd24eb8,0x00000000f4a80000)
  from space 40960K, 47% used [0x00000000f7300000,0x00000000f861bae0,0x00000000f9b00000)
  to   space 41472K, 0% used [0x00000000f4a80000,0x00000000f4a80000,0x00000000f7300000)
 ParOldGen       total 202752K, used 93420K [0x00000000a0000000, 0x00000000ac600000, 0x00000000e0000000)
  object space 202752K, 46% used [0x00000000a0000000,0x00000000a5b3b120,0x00000000ac600000)
 Metaspace       used 88136K, capacity 94582K, committed 94680K, reserved 1132544K
  class space    used 11019K, capacity 12510K, committed 12544K, reserved 1048576K
GC Heap History (10 events):
Event: 2122.992 GC heap before
{Heap before GC invocations=33 (full 3):
 PSYoungGen      total 278528K, used 278506K [0x00000000e0000000, 0x00000000f7180000, 0x0000000100000000)
  eden space 245760K, 100% used [0x00000000e0000000,0x00000000ef000000,0x00000000ef000000)
  from space 32768K, 99% used [0x00000000ef000000,0x00000000f0ffab40,0x00000000f1000000)
  to   space 41984K, 0% used [0x00000000f4880000,0x00000000f4880000,0x00000000f7180000)
 ParOldGen       total 202752K, used 78757K [0x00000000a0000000, 0x00000000ac600000, 0x00000000e0000000)
  object space 202752K, 38% used [0x00000000a0000000,0x00000000a4ce9730,0x00000000ac600000)
 Metaspace       used 87370K, capacity 93360K, committed 93528K, reserved 1130496K
  class space    used 10936K, capacity 12326K, committed 12416K, reserved 1048576K
Event: 2123.026 GC heap after
Heap after GC invocations=33 (full 3):
 PSYoungGen      total 329216K, used 10337K [0x00000000e0000000, 0x00000000f6d80000, 0x0000000100000000)
  eden space 291328K, 0% used [0x00000000e0000000,0x00000000e0000000,0x00000000f1c80000)
  from space 37888K, 27% used [0x00000000f4880000,0x00000000f52987b8,0x00000000f6d80000)
  to   space 41472K, 0% used [0x00000000f1c80000,0x00000000f1c80000,0x00000000f4500000)
 ParOldGen       total 202752K, used 90660K [0x00000000a0000000, 0x00000000ac600000, 0x00000000e0000000)
  object space 202752K, 44% used [0x00000000a0000000,0x00000000a5889058,0x00000000ac600000)
 Metaspace       used 87370K, capacity 93360K, committed 93528K, reserved 1130496K
  class space    used 10936K, capacity 12326K, committed 12416K, reserved 1048576K
}
Event: 2134.561 GC heap before
{Heap before GC invocations=34 (full 3):
 PSYoungGen      total 329216K, used 301574K [0x00000000e0000000, 0x00000000f6d80000, 0x0000000100000000)
  eden space 291328K, 99% used [0x00000000e0000000,0x00000000f1c691d0,0x00000000f1c80000)
  from space 37888K, 27% used [0x00000000f4880000,0x00000000f52987b8,0x00000000f6d80000)
  to   space 41472K, 0% used [0x00000000f1c80000,0x00000000f1c80000,0x00000000f4500000)
 ParOldGen       total 202752K, used 90660K [0x00000000a0000000, 0x00000000ac600000, 0x00000000e0000000)
  object space 202752K, 44% used [0x00000000a0000000,0x00000000a5889058,0x00000000ac600000)
 Metaspace       used 87559K, capacity 93668K, committed 93784K, reserved 1130496K
  class space    used 10956K, capacity 12358K, committed 12416K, reserved 1048576K
Event: 2134.572 GC heap after
Heap after GC invocations=34 (full 3):
 PSYoungGen      total 332800K, used 9580K [0x00000000e0000000, 0x00000000f9b00000, 0x0000000100000000)
  eden space 291328K, 0% used [0x00000000e0000000,0x00000000e0000000,0x00000000f1c80000)
  from space 41472K, 23% used [0x00000000f1c80000,0x00000000f25db390,0x00000000f4500000)
  to   space 40960K, 0% used [0x00000000f7300000,0x00000000f7300000,0x00000000f9b00000)
 ParOldGen       total 202752K, used 90828K [0x00000000a0000000, 0x00000000ac600000, 0x00000000e0000000)
  object space 202752K, 44% used [0x00000000a0000000,0x00000000a58b3058,0x00000000ac600000)
 Metaspace       used 87559K, capacity 93668K, committed 93784K, reserved 1130496K
  class space    used 10956K, capacity 12358K, committed 12416K, reserved 1048576K
}
Event: 2134.635 GC heap before
{Heap before GC invocations=35 (full 3):
 PSYoungGen      total 332800K, used 300125K [0x00000000e0000000, 0x00000000f9b00000, 0x0000000100000000)
  eden space 291328K, 99% used [0x00000000e0000000,0x00000000f1bbc0c0,0x00000000f1c80000)
  from space 41472K, 23% used [0x00000000f1c80000,0x00000000f25db390,0x00000000f4500000)
  to   space 40960K, 0% used [0x00000000f7300000,0x00000000f7300000,0x00000000f9b00000)
 ParOldGen       total 202752K, used 90828K [0x00000000a0000000, 0x00000000ac600000, 0x00000000e0000000)
  object space 202752K, 44% used [0x00000000a0000000,0x00000000a58b3058,0x00000000ac600000)
 Metaspace       used 87562K, capacity 93668K, committed 93784K, reserved 1130496K
  class space    used 10956K, capacity 12358K, committed 12416K, reserved 1048576K
Event: 2134.643 GC heap after
Heap after GC invocations=35 (full 3):
 PSYoungGen      total 379392K, used 2334K [0x00000000e0000000, 0x00000000fa500000, 0x0000000100000000)
  eden space 338432K, 0% used [0x00000000e0000000,0x00000000e0000000,0x00000000f4a80000)
  from space 40960K, 5% used [0x00000000f7300000,0x00000000f75479a0,0x00000000f9b00000)
  to   space 41472K, 0% used [0x00000000f4a80000,0x00000000f4a80000,0x00000000f7300000)
 ParOldGen       total 202752K, used 92236K [0x00000000a0000000, 0x00000000ac600000, 0x00000000e0000000)
  object space 202752K, 45% used [0x00000000a0000000,0x00000000a5a130e8,0x00000000ac600000)
 Metaspace       used 87562K, capacity 93668K, committed 93784K, reserved 1130496K
  class space    used 10956K, capacity 12358K, committed 12416K, reserved 1048576K
}
Event: 2160.627 GC heap before
{Heap before GC invocations=36 (full 3):
 PSYoungGen      total 379392K, used 340766K [0x00000000e0000000, 0x00000000fa500000, 0x0000000100000000)
  eden space 338432K, 100% used [0x00000000e0000000,0x00000000f4a80000,0x00000000f4a80000)
  from space 40960K, 5% used [0x00000000f7300000,0x00000000f75479a0,0x00000000f9b00000)
  to   space 41472K, 0% used [0x00000000f4a80000,0x00000000f4a80000,0x00000000f7300000)
 ParOldGen       total 202752K, used 92236K [0x00000000a0000000, 0x00000000ac600000, 0x00000000e0000000)
  object space 202752K, 45% used [0x00000000a0000000,0x00000000a5a130e8,0x00000000ac600000)
 Metaspace       used 87792K, capacity 94172K, committed 94424K, reserved 1130496K
  class space    used 10990K, capacity 12440K, committed 12544K, reserved 1048576K
Event: 2160.643 GC heap after
Heap after GC invocations=36 (full 3):
 PSYoungGen      total 379904K, used 5712K [0x00000000e0000000, 0x00000000fa500000, 0x0000000100000000)
  eden space 338432K, 0% used [0x00000000e0000000,0x00000000e0000000,0x00000000f4a80000)
  from space 41472K, 13% used [0x00000000f4a80000,0x00000000f5014158,0x00000000f7300000)
  to   space 40960K, 0% used [0x00000000f7300000,0x00000000f7300000,0x00000000f9b00000)
 ParOldGen       total 202752K, used 93228K [0x00000000a0000000, 0x00000000ac600000, 0x00000000e0000000)
  object space 202752K, 45% used [0x00000000a0000000,0x00000000a5b0b100,0x00000000ac600000)
 Metaspace       used 87792K, capacity 94172K, committed 94424K, reserved 1130496K
  class space    used 10990K, capacity 12440K, committed 12544K, reserved 1048576K
}
Event: 2248.314 GC heap before
{Heap before GC invocations=37 (full 3):
 PSYoungGen      total 379904K, used 344144K [0x00000000e0000000, 0x00000000fa500000, 0x0000000100000000)
  eden space 338432K, 100% used [0x00000000e0000000,0x00000000f4a80000,0x00000000f4a80000)
  from space 41472K, 13% used [0x00000000f4a80000,0x00000000f5014158,0x00000000f7300000)
  to   space 40960K, 0% used [0x00000000f7300000,0x00000000f7300000,0x00000000f9b00000)
 ParOldGen       total 202752K, used 93228K [0x00000000a0000000, 0x00000000ac600000, 0x00000000e0000000)
  object space 202752K, 45% used [0x00000000a0000000,0x00000000a5b0b100,0x00000000ac600000)
 Metaspace       used 88123K, capacity 94580K, committed 94680K, reserved 1132544K
  class space    used 11019K, capacity 12509K, committed 12544K, reserved 1048576K
Event: 2248.373 GC heap after
Heap after GC invocations=37 (full 3):
 PSYoungGen      total 379392K, used 19566K [0x00000000e0000000, 0x00000000fa500000, 0x0000000100000000)
  eden space 338432K, 0% used [0x00000000e0000000,0x00000000e0000000,0x00000000f4a80000)
  from space 40960K, 47% used [0x00000000f7300000,0x00000000f861bae0,0x00000000f9b00000)
  to   space 41472K, 0% used [0x00000000f4a80000,0x00000000f4a80000,0x00000000f7300000)
 ParOldGen       total 202752K, used 93420K [0x00000000a0000000, 0x00000000ac600000, 0x00000000e0000000)
  object space 202752K, 46% used [0x00000000a0000000,0x00000000a5b3b120,0x00000000ac600000)
 Metaspace       used 88123K, capacity 94580K, committed 94680K, reserved 1132544K
  class space    used 11019K, capacity 12509K, committed 12544K, reserved 1048576K
}

