# JRE version: OpenJDK Runtime Environment (8.0_152-b01) (build 1.8.0_152-release-915-b01)
# Java VM: OpenJDK 64-Bit Server VM (25.152-b01 mixed mode windows-amd64 compressed oops)
Heap:
 PSYoungGen      total 391680K, used 366382K [0x00000000e0000000, 0x00000000fec00000, 0x0000000100000000)
  eden space 353280K, 95% used [0x00000000e0000000,0x00000000f489e578,0x00000000f5900000)
  from space 38400K, 77% used [0x00000000f5900000,0x00000000f762d5b8,0x00000000f7e80000)
  to   space 40960K, 0% used [0x00000000fc400000,0x00000000fc400000,0x00000000fec00000)
 ParOldGen       total 222720K, used 92623K [0x00000000a0000000, 0x00000000ad980000, 0x00000000e0000000)
  object space 222720K, 41% used [0x00000000a0000000,0x00000000a5a73df8,0x00000000ad980000)
 Metaspace       used 85498K, capacity 89196K, committed 89560K, reserved 1128448K
  class space    used 10588K, capacity 11410K, committed 11520K, reserved 1048576K
GC Heap History (10 events):
Event: 28.342 GC heap before
{Heap before GC invocations=20 (full 3):
 PSYoungGen      total 254976K, used 245217K [0x00000000e0000000, 0x00000000f1900000, 0x0000000100000000)
  eden space 228352K, 100% used [0x00000000e0000000,0x00000000edf00000,0x00000000edf00000)
  from space 26624K, 63% used [0x00000000ef900000,0x00000000f0978450,0x00000000f1300000)
  to   space 26624K, 0% used [0x00000000edf00000,0x00000000edf00000,0x00000000ef900000)
 ParOldGen       total 222720K, used 76737K [0x00000000a0000000, 0x00000000ad980000, 0x00000000e0000000)
  object space 222720K, 34% used [0x00000000a0000000,0x00000000a4af05c8,0x00000000ad980000)
 Metaspace       used 70013K, capacity 72284K, committed 72536K, reserved 1112064K
  class space    used 9229K, capacity 9765K, committed 9856K, reserved 1048576K
Event: 28.370 GC heap after
Heap after GC invocations=20 (full 3):
 PSYoungGen      total 254976K, used 8146K [0x00000000e0000000, 0x00000000f5100000, 0x0000000100000000)
  eden space 228352K, 0% used [0x00000000e0000000,0x00000000e0000000,0x00000000edf00000)
  from space 26624K, 30% used [0x00000000edf00000,0x00000000ee6f4850,0x00000000ef900000)
  to   space 26624K, 0% used [0x00000000f3700000,0x00000000f3700000,0x00000000f5100000)
 ParOldGen       total 222720K, used 76745K [0x00000000a0000000, 0x00000000ad980000, 0x00000000e0000000)
  object space 222720K, 34% used [0x00000000a0000000,0x00000000a4af25c8,0x00000000ad980000)
 Metaspace       used 70013K, capacity 72284K, committed 72536K, reserved 1112064K
  class space    used 9229K, capacity 9765K, committed 9856K, reserved 1048576K
}
Event: 29.310 GC heap before
{Heap before GC invocations=21 (full 3):
 PSYoungGen      total 254976K, used 203940K [0x00000000e0000000, 0x00000000f5100000, 0x0000000100000000)
  eden space 228352K, 85% used [0x00000000e0000000,0x00000000ebf34ab0,0x00000000edf00000)
  from space 26624K, 30% used [0x00000000edf00000,0x00000000ee6f4850,0x00000000ef900000)
  to   space 26624K, 0% used [0x00000000f3700000,0x00000000f3700000,0x00000000f5100000)
 ParOldGen       total 222720K, used 76745K [0x00000000a0000000, 0x00000000ad980000, 0x00000000e0000000)
  object space 222720K, 34% used [0x00000000a0000000,0x00000000a4af25c8,0x00000000ad980000)
 Metaspace       used 70474K, capacity 72780K, committed 73048K, reserved 1112064K
  class space    used 9264K, capacity 9809K, committed 9856K, reserved 1048576K
Event: 29.340 GC heap after
Heap after GC invocations=21 (full 3):
 PSYoungGen      total 315904K, used 23439K [0x00000000e0000000, 0x00000000f5400000, 0x0000000100000000)
  eden space 289280K, 0% used [0x00000000e0000000,0x00000000e0000000,0x00000000f1a80000)
  from space 26624K, 88% used [0x00000000f3700000,0x00000000f4de3d80,0x00000000f5100000)
  to   space 29184K, 0% used [0x00000000f1a80000,0x00000000f1a80000,0x00000000f3700000)
 ParOldGen       total 222720K, used 76753K [0x00000000a0000000, 0x00000000ad980000, 0x00000000e0000000)
  object space 222720K, 34% used [0x00000000a0000000,0x00000000a4af45c8,0x00000000ad980000)
 Metaspace       used 70474K, capacity 72780K, committed 73048K, reserved 1112064K
  class space    used 9264K, capacity 9809K, committed 9856K, reserved 1048576K
}
Event: 35.690 GC heap before
{Heap before GC invocations=22 (full 3):
 PSYoungGen      total 315904K, used 312719K [0x00000000e0000000, 0x00000000f5400000, 0x0000000100000000)
  eden space 289280K, 100% used [0x00000000e0000000,0x00000000f1a80000,0x00000000f1a80000)
  from space 26624K, 88% used [0x00000000f3700000,0x00000000f4de3d80,0x00000000f5100000)
  to   space 29184K, 0% used [0x00000000f1a80000,0x00000000f1a80000,0x00000000f3700000)
 ParOldGen       total 222720K, used 76753K [0x00000000a0000000, 0x00000000ad980000, 0x00000000e0000000)
  object space 222720K, 34% used [0x00000000a0000000,0x00000000a4af45c8,0x00000000ad980000)
 Metaspace       used 75319K, capacity 77758K, committed 77784K, reserved 1116160K
  class space    used 9660K, capacity 10240K, committed 10240K, reserved 1048576K
Event: 35.761 GC heap after
Heap after GC invocations=22 (full 3):
 PSYoungGen      total 318464K, used 26801K [0x00000000e0000000, 0x00000000fa000000, 0x0000000100000000)
  eden space 289280K, 0% used [0x00000000e0000000,0x00000000e0000000,0x00000000f1a80000)
  from space 29184K, 91% used [0x00000000f1a80000,0x00000000f34ac578,0x00000000f3700000)
  to   space 32256K, 0% used [0x00000000f8080000,0x00000000f8080000,0x00000000fa000000)
 ParOldGen       total 222720K, used 81321K [0x00000000a0000000, 0x00000000ad980000, 0x00000000e0000000)
  object space 222720K, 36% used [0x00000000a0000000,0x00000000a4f6a5e8,0x00000000ad980000)
 Metaspace       used 75319K, capacity 77758K, committed 77784K, reserved 1116160K
  class space    used 9660K, capacity 10240K, committed 10240K, reserved 1048576K
}
Event: 168.691 GC heap before
{Heap before GC invocations=23 (full 3):
 PSYoungGen      total 318464K, used 316081K [0x00000000e0000000, 0x00000000fa000000, 0x0000000100000000)
  eden space 289280K, 100% used [0x00000000e0000000,0x00000000f1a80000,0x00000000f1a80000)
  from space 29184K, 91% used [0x00000000f1a80000,0x00000000f34ac578,0x00000000f3700000)
  to   space 32256K, 0% used [0x00000000f8080000,0x00000000f8080000,0x00000000fa000000)
 ParOldGen       total 222720K, used 81321K [0x00000000a0000000, 0x00000000ad980000, 0x00000000e0000000)
  object space 222720K, 36% used [0x00000000a0000000,0x00000000a4f6a5e8,0x00000000ad980000)
 Metaspace       used 83786K, capacity 87210K, committed 87256K, reserved 1126400K
  class space    used 10529K, capacity 11251K, committed 11264K, reserved 1048576K
Event: 168.777 GC heap after
Heap after GC invocations=23 (full 3):
 PSYoungGen      total 385536K, used 32244K [0x00000000e0000000, 0x00000000fa400000, 0x0000000100000000)
  eden space 353280K, 0% used [0x00000000e0000000,0x00000000e0000000,0x00000000f5900000)
  from space 32256K, 99% used [0x00000000f8080000,0x00000000f9ffd380,0x00000000fa000000)
  to   space 38400K, 0% used [0x00000000f5900000,0x00000000f5900000,0x00000000f7e80000)
 ParOldGen       total 222720K, used 85459K [0x00000000a0000000, 0x00000000ad980000, 0x00000000e0000000)
  object space 222720K, 38% used [0x00000000a0000000,0x00000000a5374f20,0x00000000ad980000)
 Metaspace       used 83786K, capacity 87210K, committed 87256K, reserved 1126400K
  class space    used 10529K, capacity 11251K, committed 11264K, reserved 1048576K
}
Event: 214.886 GC heap before
{Heap before GC invocations=24 (full 3):
 PSYoungGen      total 385536K, used 385524K [0x00000000e0000000, 0x00000000fa400000, 0x0000000100000000)
  eden space 353280K, 100% used [0x00000000e0000000,0x00000000f5900000,0x00000000f5900000)
  from space 32256K, 99% used [0x00000000f8080000,0x00000000f9ffd380,0x00000000fa000000)
  to   space 38400K, 0% used [0x00000000f5900000,0x00000000f5900000,0x00000000f7e80000)
 ParOldGen       total 222720K, used 85459K [0x00000000a0000000, 0x00000000ad980000, 0x00000000e0000000)
  object space 222720K, 38% used [0x00000000a0000000,0x00000000a5374f20,0x00000000ad980000)
 Metaspace       used 84670K, capacity 88192K, committed 88408K, reserved 1126400K
  class space    used 10553K, capacity 11314K, committed 11392K, reserved 1048576K
Event: 214.935 GC heap after
Heap after GC invocations=24 (full 3):
 PSYoungGen      total 391680K, used 29877K [0x00000000e0000000, 0x00000000fec00000, 0x0000000100000000)
  eden space 353280K, 0% used [0x00000000e0000000,0x00000000e0000000,0x00000000f5900000)
  from space 38400K, 77% used [0x00000000f5900000,0x00000000f762d5b8,0x00000000f7e80000)
  to   space 40960K, 0% used [0x00000000fc400000,0x00000000fc400000,0x00000000fec00000)
 ParOldGen       total 222720K, used 92623K [0x00000000a0000000, 0x00000000ad980000, 0x00000000e0000000)
  object space 222720K, 41% used [0x00000000a0000000,0x00000000a5a73df8,0x00000000ad980000)
 Metaspace       used 84670K, capacity 88192K, committed 88408K, reserved 1126400K
  class space    used 10553K, capacity 11314K, committed 11392K, reserved 1048576K
}

