# JRE version: OpenJDK Runtime Environment (8.0_152-b01) (build 1.8.0_152-release-915-b01)
# Java VM: OpenJDK 64-Bit Server VM (25.152-b01 mixed mode windows-amd64 compressed oops)
Heap:
 PSYoungGen      total 157184K, used 91170K [0x00000000e0000000, 0x00000000ea880000, 0x0000000100000000)
  eden space 142336K, 53% used [0x00000000e0000000,0x00000000e4a8a168,0x00000000e8b00000)
  from space 14848K, 99% used [0x00000000e8b80000,0x00000000e99fe7a8,0x00000000e9a00000)
  to   space 13312K, 0% used [0x00000000e9b80000,0x00000000e9b80000,0x00000000ea880000)
 ParOldGen       total 135680K, used 16868K [0x00000000a0000000, 0x00000000a8480000, 0x00000000e0000000)
  object space 135680K, 12% used [0x00000000a0000000,0x00000000a10790f0,0x00000000a8480000)
 Metaspace       used 53055K, capacity 55018K, committed 55256K, reserved 1097728K
  class space    used 7147K, capacity 7634K, committed 7680K, reserved 1048576K
GC Heap History (10 events):
Event: 23.660 GC heap before
{Heap before GC invocations=7 (full 1):
 PSYoungGen      total 104448K, used 75374K [0x00000000e0000000, 0x00000000e7d00000, 0x0000000100000000)
  eden space 96256K, 69% used [0x00000000e0000000,0x00000000e419e318,0x00000000e5e00000)
  from space 8192K, 99% used [0x00000000e5e00000,0x00000000e65fd7b0,0x00000000e6600000)
  to   space 11264K, 0% used [0x00000000e7200000,0x00000000e7200000,0x00000000e7d00000)
 ParOldGen       total 84992K, used 9674K [0x00000000a0000000, 0x00000000a5300000, 0x00000000e0000000)
  object space 84992K, 11% used [0x00000000a0000000,0x00000000a0972a30,0x00000000a5300000)
 Metaspace       used 34408K, capacity 35300K, committed 35416K, reserved 1079296K
  class space    used 4673K, capacity 4988K, committed 4992K, reserved 1048576K
Event: 23.686 GC heap after
Heap after GC invocations=7 (full 1):
 PSYoungGen      total 116224K, used 9859K [0x00000000e0000000, 0x00000000e9e00000, 0x0000000100000000)
  eden space 104960K, 0% used [0x00000000e0000000,0x00000000e0000000,0x00000000e6680000)
  from space 11264K, 87% used [0x00000000e7200000,0x00000000e7ba0fe8,0x00000000e7d00000)
  to   space 11776K, 0% used [0x00000000e6680000,0x00000000e6680000,0x00000000e7200000)
 ParOldGen       total 84992K, used 9682K [0x00000000a0000000, 0x00000000a5300000, 0x00000000e0000000)
  object space 84992K, 11% used [0x00000000a0000000,0x00000000a0974a30,0x00000000a5300000)
 Metaspace       used 34408K, capacity 35300K, committed 35416K, reserved 1079296K
  class space    used 4673K, capacity 4988K, committed 4992K, reserved 1048576K
}
Event: 23.686 GC heap before
{Heap before GC invocations=8 (full 2):
 PSYoungGen      total 116224K, used 9859K [0x00000000e0000000, 0x00000000e9e00000, 0x0000000100000000)
  eden space 104960K, 0% used [0x00000000e0000000,0x00000000e0000000,0x00000000e6680000)
  from space 11264K, 87% used [0x00000000e7200000,0x00000000e7ba0fe8,0x00000000e7d00000)
  to   space 11776K, 0% used [0x00000000e6680000,0x00000000e6680000,0x00000000e7200000)
 ParOldGen       total 84992K, used 9682K [0x00000000a0000000, 0x00000000a5300000, 0x00000000e0000000)
  object space 84992K, 11% used [0x00000000a0000000,0x00000000a0974a30,0x00000000a5300000)
 Metaspace       used 34408K, capacity 35300K, committed 35416K, reserved 1079296K
  class space    used 4673K, capacity 4988K, committed 4992K, reserved 1048576K
Event: 23.840 GC heap after
Heap after GC invocations=8 (full 2):
 PSYoungGen      total 116224K, used 0K [0x00000000e0000000, 0x00000000e9e00000, 0x0000000100000000)
  eden space 104960K, 0% used [0x00000000e0000000,0x00000000e0000000,0x00000000e6680000)
  from space 11264K, 0% used [0x00000000e7200000,0x00000000e7200000,0x00000000e7d00000)
  to   space 11776K, 0% used [0x00000000e6680000,0x00000000e6680000,0x00000000e7200000)
 ParOldGen       total 135680K, used 15870K [0x00000000a0000000, 0x00000000a8480000, 0x00000000e0000000)
  object space 135680K, 11% used [0x00000000a0000000,0x00000000a0f7f810,0x00000000a8480000)
 Metaspace       used 34408K, capacity 35300K, committed 35416K, reserved 1079296K
  class space    used 4673K, capacity 4988K, committed 4992K, reserved 1048576K
}
Event: 28.156 GC heap before
{Heap before GC invocations=9 (full 2):
 PSYoungGen      total 116224K, used 104960K [0x00000000e0000000, 0x00000000e9e00000, 0x0000000100000000)
  eden space 104960K, 100% used [0x00000000e0000000,0x00000000e6680000,0x00000000e6680000)
  from space 11264K, 0% used [0x00000000e7200000,0x00000000e7200000,0x00000000e7d00000)
  to   space 11776K, 0% used [0x00000000e6680000,0x00000000e6680000,0x00000000e7200000)
 ParOldGen       total 135680K, used 15870K [0x00000000a0000000, 0x00000000a8480000, 0x00000000e0000000)
  object space 135680K, 11% used [0x00000000a0000000,0x00000000a0f7f810,0x00000000a8480000)
 Metaspace       used 41458K, capacity 42576K, committed 42968K, reserved 1087488K
  class space    used 5521K, capacity 5863K, committed 5888K, reserved 1048576K
Event: 28.186 GC heap after
Heap after GC invocations=9 (full 2):
 PSYoungGen      total 116736K, used 11751K [0x00000000e0000000, 0x00000000ea880000, 0x0000000100000000)
  eden space 104960K, 0% used [0x00000000e0000000,0x00000000e0000000,0x00000000e6680000)
  from space 11776K, 99% used [0x00000000e6680000,0x00000000e71f9de8,0x00000000e7200000)
  to   space 13312K, 0% used [0x00000000e9b80000,0x00000000e9b80000,0x00000000ea880000)
 ParOldGen       total 135680K, used 15964K [0x00000000a0000000, 0x00000000a8480000, 0x00000000e0000000)
  object space 135680K, 11% used [0x00000000a0000000,0x00000000a0f97238,0x00000000a8480000)
 Metaspace       used 41458K, capacity 42576K, committed 42968K, reserved 1087488K
  class space    used 5521K, capacity 5863K, committed 5888K, reserved 1048576K
}
Event: 35.636 GC heap before
{Heap before GC invocations=10 (full 2):
 PSYoungGen      total 116736K, used 116711K [0x00000000e0000000, 0x00000000ea880000, 0x0000000100000000)
  eden space 104960K, 100% used [0x00000000e0000000,0x00000000e6680000,0x00000000e6680000)
  from space 11776K, 99% used [0x00000000e6680000,0x00000000e71f9de8,0x00000000e7200000)
  to   space 13312K, 0% used [0x00000000e9b80000,0x00000000e9b80000,0x00000000ea880000)
 ParOldGen       total 135680K, used 15964K [0x00000000a0000000, 0x00000000a8480000, 0x00000000e0000000)
  object space 135680K, 11% used [0x00000000a0000000,0x00000000a0f97238,0x00000000a8480000)
 Metaspace       used 46532K, capacity 47748K, committed 48088K, reserved 1091584K
  class space    used 6183K, capacity 6583K, committed 6656K, reserved 1048576K
Event: 35.661 GC heap after
Heap after GC invocations=10 (full 2):
 PSYoungGen      total 155648K, used 13300K [0x00000000e0000000, 0x00000000ea880000, 0x0000000100000000)
  eden space 142336K, 0% used [0x00000000e0000000,0x00000000e0000000,0x00000000e8b00000)
  from space 13312K, 99% used [0x00000000e9b80000,0x00000000ea87d1e0,0x00000000ea880000)
  to   space 14848K, 0% used [0x00000000e8b80000,0x00000000e8b80000,0x00000000e9a00000)
 ParOldGen       total 135680K, used 16095K [0x00000000a0000000, 0x00000000a8480000, 0x00000000e0000000)
  object space 135680K, 11% used [0x00000000a0000000,0x00000000a0fb7da0,0x00000000a8480000)
 Metaspace       used 46532K, capacity 47748K, committed 48088K, reserved 1091584K
  class space    used 6183K, capacity 6583K, committed 6656K, reserved 1048576K
}
Event: 41.354 GC heap before
{Heap before GC invocations=11 (full 2):
 PSYoungGen      total 155648K, used 155636K [0x00000000e0000000, 0x00000000ea880000, 0x0000000100000000)
  eden space 142336K, 100% used [0x00000000e0000000,0x00000000e8b00000,0x00000000e8b00000)
  from space 13312K, 99% used [0x00000000e9b80000,0x00000000ea87d1e0,0x00000000ea880000)
  to   space 14848K, 0% used [0x00000000e8b80000,0x00000000e8b80000,0x00000000e9a00000)
 ParOldGen       total 135680K, used 16095K [0x00000000a0000000, 0x00000000a8480000, 0x00000000e0000000)
  object space 135680K, 11% used [0x00000000a0000000,0x00000000a0fb7da0,0x00000000a8480000)
 Metaspace       used 46853K, capacity 48116K, committed 48344K, reserved 1091584K
  class space    used 6199K, capacity 6591K, committed 6656K, reserved 1048576K
Event: 41.499 GC heap after
Heap after GC invocations=11 (full 2):
 PSYoungGen      total 157184K, used 14841K [0x00000000e0000000, 0x00000000ea880000, 0x0000000100000000)
  eden space 142336K, 0% used [0x00000000e0000000,0x00000000e0000000,0x00000000e8b00000)
  from space 14848K, 99% used [0x00000000e8b80000,0x00000000e99fe7a8,0x00000000e9a00000)
  to   space 13312K, 0% used [0x00000000e9b80000,0x00000000e9b80000,0x00000000ea880000)
 ParOldGen       total 135680K, used 16868K [0x00000000a0000000, 0x00000000a8480000, 0x00000000e0000000)
  object space 135680K, 12% used [0x00000000a0000000,0x00000000a10790f0,0x00000000a8480000)
 Metaspace       used 46853K, capacity 48116K, committed 48344K, reserved 1091584K
  class space    used 6199K, capacity 6591K, committed 6656K, reserved 1048576K
}

