# JRE version: OpenJDK Runtime Environment (8.0_152-b01) (build 1.8.0_152-release-915-b01)
# Java VM: OpenJDK 64-Bit Server VM (25.152-b01 mixed mode windows-amd64 compressed oops)
Heap:
 PSYoungGen      total 18944K, used 2860K [0x00000000feb00000, 0x0000000100000000, 0x0000000100000000)
  eden space 16384K, 1% used [0x00000000feb00000,0x00000000feb50950,0x00000000ffb00000)
  from space 2560K, 99% used [0x00000000ffb00000,0x00000000ffd7a7f0,0x00000000ffd80000)
  to   space 2560K, 0% used [0x00000000ffd80000,0x00000000ffd80000,0x0000000100000000)
 ParOldGen       total 32768K, used 4664K [0x00000000fc000000, 0x00000000fe000000, 0x00000000feb00000)
  object space 32768K, 14% used [0x00000000fc000000,0x00000000fc48e0a0,0x00000000fe000000)
 Metaspace       used 7529K, capacity 7704K, committed 7936K, reserved 1060864K
  class space    used 867K, capacity 956K, committed 1024K, reserved 1048576K
GC Heap History (8 events):
Event: 0.270 GC heap before
{Heap before GC invocations=1 (full 0):
 PSYoungGen      total 18944K, used 983K [0x00000000feb00000, 0x0000000100000000, 0x0000000100000000)
  eden space 16384K, 6% used [0x00000000feb00000,0x00000000febf5c68,0x00000000ffb00000)
  from space 2560K, 0% used [0x00000000ffd80000,0x00000000ffd80000,0x0000000100000000)
  to   space 2560K, 0% used [0x00000000ffb00000,0x00000000ffb00000,0x00000000ffd80000)
 ParOldGen       total 44032K, used 0K [0x00000000fc000000, 0x00000000feb00000, 0x00000000feb00000)
  object space 44032K, 0% used [0x00000000fc000000,0x00000000fc000000,0x00000000feb00000)
 Metaspace       used 2882K, capacity 4548K, committed 4736K, reserved 1058816K
  class space    used 301K, capacity 384K, committed 384K, reserved 1048576K
Event: 0.271 GC heap after
Heap after GC invocations=1 (full 0):
 PSYoungGen      total 18944K, used 475K [0x00000000feb00000, 0x0000000100000000, 0x0000000100000000)
  eden space 16384K, 0% used [0x00000000feb00000,0x00000000feb00000,0x00000000ffb00000)
  from space 2560K, 18% used [0x00000000ffb00000,0x00000000ffb76cf0,0x00000000ffd80000)
  to   space 2560K, 0% used [0x00000000ffd80000,0x00000000ffd80000,0x0000000100000000)
 ParOldGen       total 44032K, used 8K [0x00000000fc000000, 0x00000000feb00000, 0x00000000feb00000)
  object space 44032K, 0% used [0x00000000fc000000,0x00000000fc002000,0x00000000feb00000)
 Metaspace       used 2882K, capacity 4548K, committed 4736K, reserved 1058816K
  class space    used 301K, capacity 384K, committed 384K, reserved 1048576K
}
Event: 0.271 GC heap before
{Heap before GC invocations=2 (full 1):
 PSYoungGen      total 18944K, used 475K [0x00000000feb00000, 0x0000000100000000, 0x0000000100000000)
  eden space 16384K, 0% used [0x00000000feb00000,0x00000000feb00000,0x00000000ffb00000)
  from space 2560K, 18% used [0x00000000ffb00000,0x00000000ffb76cf0,0x00000000ffd80000)
  to   space 2560K, 0% used [0x00000000ffd80000,0x00000000ffd80000,0x0000000100000000)
 ParOldGen       total 44032K, used 8K [0x00000000fc000000, 0x00000000feb00000, 0x00000000feb00000)
  object space 44032K, 0% used [0x00000000fc000000,0x00000000fc002000,0x00000000feb00000)
 Metaspace       used 2882K, capacity 4548K, committed 4736K, reserved 1058816K
  class space    used 301K, capacity 384K, committed 384K, reserved 1048576K
Event: 0.289 GC heap after
Heap after GC invocations=2 (full 1):
 PSYoungGen      total 18944K, used 0K [0x00000000feb00000, 0x0000000100000000, 0x0000000100000000)
  eden space 16384K, 0% used [0x00000000feb00000,0x00000000feb00000,0x00000000ffb00000)
  from space 2560K, 0% used [0x00000000ffb00000,0x00000000ffb00000,0x00000000ffd80000)
  to   space 2560K, 0% used [0x00000000ffd80000,0x00000000ffd80000,0x0000000100000000)
 ParOldGen       total 32768K, used 383K [0x00000000fc000000, 0x00000000fe000000, 0x00000000feb00000)
  object space 32768K, 1% used [0x00000000fc000000,0x00000000fc05ffa0,0x00000000fe000000)
 Metaspace       used 2882K, capacity 4548K, committed 4736K, reserved 1058816K
  class space    used 301K, capacity 384K, committed 384K, reserved 1048576K
}
Event: 1.927 GC heap before
{Heap before GC invocations=3 (full 1):
 PSYoungGen      total 18944K, used 16384K [0x00000000feb00000, 0x0000000100000000, 0x0000000100000000)
  eden space 16384K, 100% used [0x00000000feb00000,0x00000000ffb00000,0x00000000ffb00000)
  from space 2560K, 0% used [0x00000000ffb00000,0x00000000ffb00000,0x00000000ffd80000)
  to   space 2560K, 0% used [0x00000000ffd80000,0x00000000ffd80000,0x0000000100000000)
 ParOldGen       total 32768K, used 383K [0x00000000fc000000, 0x00000000fe000000, 0x00000000feb00000)
  object space 32768K, 1% used [0x00000000fc000000,0x00000000fc05ffa0,0x00000000fe000000)
 Metaspace       used 6525K, capacity 6730K, committed 7040K, reserved 1058816K
  class space    used 769K, capacity 823K, committed 896K, reserved 1048576K
Event: 1.957 GC heap after
Heap after GC invocations=3 (full 1):
 PSYoungGen      total 18944K, used 2528K [0x00000000feb00000, 0x0000000100000000, 0x0000000100000000)
  eden space 16384K, 0% used [0x00000000feb00000,0x00000000feb00000,0x00000000ffb00000)
  from space 2560K, 98% used [0x00000000ffd80000,0x00000000ffff8010,0x0000000100000000)
  to   space 2560K, 0% used [0x00000000ffb00000,0x00000000ffb00000,0x00000000ffd80000)
 ParOldGen       total 32768K, used 1791K [0x00000000fc000000, 0x00000000fe000000, 0x00000000feb00000)
  object space 32768K, 5% used [0x00000000fc000000,0x00000000fc1bfdd0,0x00000000fe000000)
 Metaspace       used 6525K, capacity 6730K, committed 7040K, reserved 1058816K
  class space    used 769K, capacity 823K, committed 896K, reserved 1048576K
}
Event: 4.423 GC heap before
{Heap before GC invocations=4 (full 1):
 PSYoungGen      total 18944K, used 18912K [0x00000000feb00000, 0x0000000100000000, 0x0000000100000000)
  eden space 16384K, 100% used [0x00000000feb00000,0x00000000ffb00000,0x00000000ffb00000)
  from space 2560K, 98% used [0x00000000ffd80000,0x00000000ffff8010,0x0000000100000000)
  to   space 2560K, 0% used [0x00000000ffb00000,0x00000000ffb00000,0x00000000ffd80000)
 ParOldGen       total 32768K, used 1791K [0x00000000fc000000, 0x00000000fe000000, 0x00000000feb00000)
  object space 32768K, 5% used [0x00000000fc000000,0x00000000fc1bfdd0,0x00000000fe000000)
 Metaspace       used 7527K, capacity 7704K, committed 7936K, reserved 1060864K
  class space    used 867K, capacity 956K, committed 1024K, reserved 1048576K
Event: 4.622 GC heap after
Heap after GC invocations=4 (full 1):
 PSYoungGen      total 18944K, used 2537K [0x00000000feb00000, 0x0000000100000000, 0x0000000100000000)
  eden space 16384K, 0% used [0x00000000feb00000,0x00000000feb00000,0x00000000ffb00000)
  from space 2560K, 99% used [0x00000000ffb00000,0x00000000ffd7a7f0,0x00000000ffd80000)
  to   space 2560K, 0% used [0x00000000ffd80000,0x00000000ffd80000,0x0000000100000000)
 ParOldGen       total 32768K, used 4664K [0x00000000fc000000, 0x00000000fe000000, 0x00000000feb00000)
  object space 32768K, 14% used [0x00000000fc000000,0x00000000fc48e0a0,0x00000000fe000000)
 Metaspace       used 7527K, capacity 7704K, committed 7936K, reserved 1060864K
  class space    used 867K, capacity 956K, committed 1024K, reserved 1048576K
}

